{"/Users/jasen/dev/image-processing-api/src/index.ts": {"path":"/Users/jasen/dev/image-processing-api/src/index.ts","statementMap":{"0":{"start":{"line":10,"column":0},"end":{"line":10,"column":30}},"1":{"start":{"line":11,"column":0},"end":{"line":11,"column":24}},"2":{"start":{"line":12,"column":0},"end":{"line":12,"column":43}},"3":{"start":{"line":15,"column":12},"end":{"line":15,"column":21}},"4":{"start":{"line":16,"column":13},"end":{"line":16,"column":37}},"5":{"start":{"line":19,"column":0},"end":{"line":22,"column":3}},"6":{"start":{"line":20,"column":2},"end":{"line":20,"column":72}},"7":{"start":{"line":21,"column":2},"end":{"line":21,"column":9}},"8":{"start":{"line":25,"column":0},"end":{"line":25,"column":70}},"9":{"start":{"line":28,"column":0},"end":{"line":40,"column":3}},"10":{"start":{"line":29,"column":2},"end":{"line":39,"column":5}},"11":{"start":{"line":43,"column":0},"end":{"line":43,"column":37}},"12":{"start":{"line":46,"column":0},"end":{"line":49,"column":3}},"13":{"start":{"line":47,"column":2},"end":{"line":47,"column":40}},"14":{"start":{"line":48,"column":2},"end":{"line":48,"column":64}},"15":{"start":{"line":52,"column":0},"end":{"line":54,"column":3}},"16":{"start":{"line":53,"column":2},"end":{"line":53,"column":42}},"17":{"start":{"line":57,"column":0},"end":{"line":62,"column":1}},"18":{"start":{"line":58,"column":2},"end":{"line":61,"column":5}},"19":{"start":{"line":59,"column":4},"end":{"line":59,"column":67}},"20":{"start":{"line":60,"column":4},"end":{"line":60,"column":68}},"21":{"start":{"line":65,"column":0},"end":{"line":65,"column":19}}},"fnMap":{"0":{"name":"(anonymous_1)","decl":{"start":{"line":19,"column":8},"end":{"line":19,"column":9}},"loc":{"start":{"line":19,"column":27},"end":{"line":22,"column":1}}},"1":{"name":"(anonymous_2)","decl":{"start":{"line":28,"column":13},"end":{"line":28,"column":14}},"loc":{"start":{"line":28,"column":26},"end":{"line":40,"column":1}}},"2":{"name":"(anonymous_3)","decl":{"start":{"line":46,"column":8},"end":{"line":46,"column":9}},"loc":{"start":{"line":46,"column":96},"end":{"line":49,"column":1}}},"3":{"name":"(anonymous_4)","decl":{"start":{"line":52,"column":8},"end":{"line":52,"column":9}},"loc":{"start":{"line":52,"column":21},"end":{"line":54,"column":1}}},"4":{"name":"(anonymous_5)","decl":{"start":{"line":58,"column":19},"end":{"line":58,"column":22}},"loc":{"start":{"line":58,"column":24},"end":{"line":61,"column":3}}}},"branchMap":{"0":{"loc":{"start":{"line":16,"column":13},"end":{"line":16,"column":37}},"type":"binary-expr","locations":[{"start":{"line":16,"column":13},"end":{"line":16,"column":29}},{"start":{"line":16,"column":33},"end":{"line":16,"column":37}}]},"1":{"loc":{"start":{"line":57,"column":0},"end":{"line":62,"column":1}},"type":"if","locations":[{"start":{"line":57,"column":0},"end":{"line":62,"column":1}}]}},"s":{"0":0,"1":0,"2":0,"3":0,"4":0,"5":0,"6":0,"7":0,"8":0,"9":0,"10":0,"11":0,"12":0,"13":0,"14":0,"15":0,"16":0,"17":0,"18":0,"19":0,"20":0,"21":0},"f":{"0":0,"1":0,"2":0,"3":0,"4":0},"b":{"0":[0,0],"1":[0]}}
,"/Users/jasen/dev/image-processing-api/src/middleware/cache.ts": {"path":"/Users/jasen/dev/image-processing-api/src/middleware/cache.ts","statementMap":{"0":{"start":{"line":12,"column":0},"end":{"line":12,"column":24}},"1":{"start":{"line":13,"column":0},"end":{"line":13,"column":20}},"2":{"start":{"line":18,"column":21},"end":{"line":18,"column":77}},"3":{"start":{"line":27,"column":25},"end":{"line":40,"column":1}},"4":{"start":{"line":29,"column":29},"end":{"line":29,"column":62}},"5":{"start":{"line":32,"column":20},"end":{"line":32,"column":96}},"6":{"start":{"line":35,"column":21},"end":{"line":37,"column":8}},"7":{"start":{"line":39,"column":2},"end":{"line":39,"column":59}},"8":{"start":{"line":48,"column":19},"end":{"line":66,"column":2}},"9":{"start":{"line":48,"column":85},"end":{"line":66,"column":2}},"10":{"start":{"line":49,"column":2},"end":{"line":65,"column":3}},"11":{"start":{"line":51,"column":27},"end":{"line":51,"column":52}},"12":{"start":{"line":52,"column":27},"end":{"line":52,"column":66}},"13":{"start":{"line":55,"column":4},"end":{"line":58,"column":5}},"14":{"start":{"line":56,"column":6},"end":{"line":56,"column":50}},"15":{"start":{"line":57,"column":6},"end":{"line":57,"column":28}},"16":{"start":{"line":60,"column":4},"end":{"line":60,"column":49}},"17":{"start":{"line":61,"column":4},"end":{"line":61,"column":16}},"18":{"start":{"line":63,"column":4},"end":{"line":63,"column":50}},"19":{"start":{"line":64,"column":4},"end":{"line":64,"column":16}},"20":{"start":{"line":75,"column":31},"end":{"line":111,"column":2}},"21":{"start":{"line":79,"column":19},"end":{"line":111,"column":2}},"22":{"start":{"line":80,"column":2},"end":{"line":110,"column":3}},"23":{"start":{"line":82,"column":44},"end":{"line":87,"column":6}},"24":{"start":{"line":90,"column":4},"end":{"line":93,"column":5}},"25":{"start":{"line":91,"column":6},"end":{"line":91,"column":67}},"26":{"start":{"line":92,"column":6},"end":{"line":92,"column":13}},"27":{"start":{"line":96,"column":27},"end":{"line":96,"column":52}},"28":{"start":{"line":98,"column":4},"end":{"line":106,"column":5}},"29":{"start":{"line":100,"column":6},"end":{"line":100,"column":35}},"30":{"start":{"line":104,"column":6},"end":{"line":104,"column":40}},"31":{"start":{"line":105,"column":6},"end":{"line":105,"column":13}},"32":{"start":{"line":108,"column":4},"end":{"line":108,"column":52}},"33":{"start":{"line":109,"column":4},"end":{"line":109,"column":16}},"34":{"start":{"line":75,"column":13},"end":{"line":75,"column":31}},"35":{"start":{"line":113,"column":0},"end":{"line":117,"column":2}}},"fnMap":{"0":{"name":"(anonymous_8)","decl":{"start":{"line":27,"column":25},"end":{"line":27,"column":26}},"loc":{"start":{"line":27,"column":69},"end":{"line":40,"column":1}}},"1":{"name":"(anonymous_9)","decl":{"start":{"line":48,"column":19},"end":{"line":48,"column":26}},"loc":{"start":{"line":48,"column":85},"end":{"line":66,"column":2}}},"2":{"name":"(anonymous_10)","decl":{"start":{"line":48,"column":85},"end":{"line":48,"column":null}},"loc":{"start":{"line":48,"column":85},"end":{"line":66,"column":1}}},"3":{"name":"(anonymous_11)","decl":{"start":{"line":75,"column":31},"end":{"line":75,"column":null}},"loc":{"start":{"line":79,"column":19},"end":{"line":111,"column":2}}},"4":{"name":"(anonymous_12)","decl":{"start":{"line":79,"column":19},"end":{"line":79,"column":null}},"loc":{"start":{"line":79,"column":19},"end":{"line":111,"column":1}}}},"branchMap":{"0":{"loc":{"start":{"line":32,"column":20},"end":{"line":32,"column":96}},"type":"binary-expr","locations":[{"start":{"line":32,"column":20},"end":{"line":32,"column":34}},{"start":{"line":32,"column":38},"end":{"line":32,"column":87}},{"start":{"line":32,"column":91},"end":{"line":32,"column":96}}]},"1":{"loc":{"start":{"line":35,"column":21},"end":{"line":37,"column":8}},"type":"cond-expr","locations":[{"start":{"line":36,"column":6},"end":{"line":36,"column":63}},{"start":{"line":37,"column":6},"end":{"line":37,"column":8}}]},"2":{"loc":{"start":{"line":35,"column":21},"end":{"line":35,"column":52}},"type":"binary-expr","locations":[{"start":{"line":35,"column":21},"end":{"line":35,"column":34}},{"start":{"line":35,"column":38},"end":{"line":35,"column":52}}]},"3":{"loc":{"start":{"line":36,"column":10},"end":{"line":36,"column":33}},"type":"binary-expr","locations":[{"start":{"line":36,"column":10},"end":{"line":36,"column":23}},{"start":{"line":36,"column":27},"end":{"line":36,"column":33}}]},"4":{"loc":{"start":{"line":36,"column":37},"end":{"line":36,"column":61}},"type":"binary-expr","locations":[{"start":{"line":36,"column":37},"end":{"line":36,"column":51}},{"start":{"line":36,"column":55},"end":{"line":36,"column":61}}]},"5":{"loc":{"start":{"line":55,"column":4},"end":{"line":58,"column":5}},"type":"if","locations":[{"start":{"line":55,"column":4},"end":{"line":58,"column":5}}]},"6":{"loc":{"start":{"line":84,"column":13},"end":{"line":84,"column":78}},"type":"cond-expr","locations":[{"start":{"line":84,"column":31},"end":{"line":84,"column":66}},{"start":{"line":84,"column":69},"end":{"line":84,"column":78}}]},"7":{"loc":{"start":{"line":85,"column":14},"end":{"line":85,"column":81}},"type":"cond-expr","locations":[{"start":{"line":85,"column":33},"end":{"line":85,"column":69}},{"start":{"line":85,"column":72},"end":{"line":85,"column":81}}]},"8":{"loc":{"start":{"line":90,"column":4},"end":{"line":93,"column":5}},"type":"if","locations":[{"start":{"line":90,"column":4},"end":{"line":93,"column":5}}]},"9":{"loc":{"start":{"line":98,"column":4},"end":{"line":106,"column":5}},"type":"if","locations":[{"start":{"line":98,"column":4},"end":{"line":106,"column":5}},{"start":{"line":101,"column":11},"end":{"line":106,"column":5}}]}},"s":{"0":1,"1":1,"2":1,"3":1,"4":7,"5":7,"6":7,"7":7,"8":1,"9":7,"10":7,"11":7,"12":7,"13":7,"14":2,"15":2,"16":5,"17":5,"18":0,"19":0,"20":1,"21":8,"22":8,"23":8,"24":8,"25":1,"26":1,"27":7,"28":7,"29":2,"30":5,"31":5,"32":0,"33":0,"34":1,"35":1},"f":{"0":7,"1":7,"2":7,"3":8,"4":8},"b":{"0":[7,6,0],"1":[4,3],"2":[7,3],"3":[4,0],"4":[4,1],"5":[2],"6":[5,3],"7":[3,5],"8":[1],"9":[2,5]}}
,"/Users/jasen/dev/image-processing-api/src/routes/images/index.ts": {"path":"/Users/jasen/dev/image-processing-api/src/routes/images/index.ts","statementMap":{"0":{"start":{"line":10,"column":0},"end":{"line":10,"column":53}},"1":{"start":{"line":12,"column":0},"end":{"line":12,"column":71}},"2":{"start":{"line":13,"column":0},"end":{"line":13,"column":57}},"3":{"start":{"line":17,"column":15},"end":{"line":17,"column":31}},"4":{"start":{"line":31,"column":0},"end":{"line":72,"column":3}},"5":{"start":{"line":31,"column":86},"end":{"line":72,"column":2}},"6":{"start":{"line":32,"column":2},"end":{"line":71,"column":3}},"7":{"start":{"line":34,"column":44},"end":{"line":39,"column":6}},"8":{"start":{"line":42,"column":4},"end":{"line":45,"column":5}},"9":{"start":{"line":43,"column":6},"end":{"line":43,"column":67}},"10":{"start":{"line":44,"column":6},"end":{"line":44,"column":13}},"11":{"start":{"line":48,"column":23},"end":{"line":48,"column":58}},"12":{"start":{"line":49,"column":4},"end":{"line":52,"column":5}},"13":{"start":{"line":50,"column":6},"end":{"line":50,"column":68}},"14":{"start":{"line":51,"column":6},"end":{"line":51,"column":13}},"15":{"start":{"line":55,"column":4},"end":{"line":61,"column":5}},"16":{"start":{"line":59,"column":6},"end":{"line":59,"column":72}},"17":{"start":{"line":60,"column":6},"end":{"line":60,"column":13}},"18":{"start":{"line":64,"column":31},"end":{"line":64,"column":58}},"19":{"start":{"line":67,"column":4},"end":{"line":67,"column":37}},"20":{"start":{"line":69,"column":4},"end":{"line":69,"column":61}},"21":{"start":{"line":70,"column":4},"end":{"line":70,"column":60}},"22":{"start":{"line":74,"column":0},"end":{"line":74,"column":22}}},"fnMap":{"0":{"name":"(anonymous_8)","decl":{"start":{"line":31,"column":33},"end":{"line":31,"column":40}},"loc":{"start":{"line":31,"column":86},"end":{"line":72,"column":2}}},"1":{"name":"(anonymous_9)","decl":{"start":{"line":31,"column":86},"end":{"line":31,"column":null}},"loc":{"start":{"line":31,"column":86},"end":{"line":72,"column":1}}}},"branchMap":{"0":{"loc":{"start":{"line":34,"column":44},"end":{"line":39,"column":6}},"type":"binary-expr","locations":[{"start":{"line":34,"column":44},"end":{"line":34,"column":67}},{"start":{"line":34,"column":71},"end":{"line":39,"column":6}}]},"1":{"loc":{"start":{"line":36,"column":13},"end":{"line":36,"column":78}},"type":"cond-expr","locations":[{"start":{"line":36,"column":31},"end":{"line":36,"column":66}},{"start":{"line":36,"column":69},"end":{"line":36,"column":78}}]},"2":{"loc":{"start":{"line":37,"column":14},"end":{"line":37,"column":81}},"type":"cond-expr","locations":[{"start":{"line":37,"column":33},"end":{"line":37,"column":69}},{"start":{"line":37,"column":72},"end":{"line":37,"column":81}}]},"3":{"loc":{"start":{"line":42,"column":4},"end":{"line":45,"column":5}},"type":"if","locations":[{"start":{"line":42,"column":4},"end":{"line":45,"column":5}}]},"4":{"loc":{"start":{"line":49,"column":4},"end":{"line":52,"column":5}},"type":"if","locations":[{"start":{"line":49,"column":4},"end":{"line":52,"column":5}}]},"5":{"loc":{"start":{"line":55,"column":4},"end":{"line":61,"column":5}},"type":"if","locations":[{"start":{"line":55,"column":4},"end":{"line":61,"column":5}}]},"6":{"loc":{"start":{"line":56,"column":6},"end":{"line":57,"column":86}},"type":"binary-expr","locations":[{"start":{"line":56,"column":7},"end":{"line":56,"column":34}},{"start":{"line":56,"column":39},"end":{"line":56,"column":59}},{"start":{"line":56,"column":63},"end":{"line":56,"column":81}},{"start":{"line":57,"column":7},"end":{"line":57,"column":35}},{"start":{"line":57,"column":40},"end":{"line":57,"column":61}},{"start":{"line":57,"column":65},"end":{"line":57,"column":84}}]}},"s":{"0":1,"1":1,"2":1,"3":1,"4":1,"5":5,"6":5,"7":5,"8":5,"9":0,"10":0,"11":5,"12":5,"13":1,"14":1,"15":4,"16":1,"17":1,"18":3,"19":3,"20":0,"21":0,"22":1},"f":{"0":5,"1":5},"b":{"0":[5,0],"1":[0,0],"2":[0,0],"3":[0],"4":[1],"5":[1],"6":[4,3,2,3,1,1]}}
,"/Users/jasen/dev/image-processing-api/src/utils/imageProcessor.ts": {"path":"/Users/jasen/dev/image-processing-api/src/utils/imageProcessor.ts","statementMap":{"0":{"start":{"line":10,"column":0},"end":{"line":10,"column":26}},"1":{"start":{"line":11,"column":0},"end":{"line":11,"column":24}},"2":{"start":{"line":12,"column":0},"end":{"line":12,"column":20}},"3":{"start":{"line":16,"column":20},"end":{"line":16,"column":59}},"4":{"start":{"line":17,"column":21},"end":{"line":17,"column":77}},"5":{"start":{"line":23,"column":33},"end":{"line":35,"column":2}},"6":{"start":{"line":23,"column":59},"end":{"line":35,"column":2}},"7":{"start":{"line":25,"column":2},"end":{"line":34,"column":3}},"8":{"start":{"line":26,"column":4},"end":{"line":33,"column":5}},"9":{"start":{"line":28,"column":6},"end":{"line":28,"column":65}},"10":{"start":{"line":29,"column":6},"end":{"line":29,"column":63}},"11":{"start":{"line":31,"column":6},"end":{"line":31,"column":63}},"12":{"start":{"line":32,"column":6},"end":{"line":32,"column":69}},"13":{"start":{"line":43,"column":34},"end":{"line":56,"column":1}},"14":{"start":{"line":45,"column":29},"end":{"line":45,"column":62}},"15":{"start":{"line":48,"column":20},"end":{"line":48,"column":96}},"16":{"start":{"line":51,"column":21},"end":{"line":53,"column":8}},"17":{"start":{"line":55,"column":2},"end":{"line":55,"column":59}},"18":{"start":{"line":64,"column":28},"end":{"line":108,"column":2}},"19":{"start":{"line":66,"column":21},"end":{"line":108,"column":2}},"20":{"start":{"line":67,"column":2},"end":{"line":107,"column":3}},"21":{"start":{"line":69,"column":4},"end":{"line":69,"column":37}},"22":{"start":{"line":72,"column":22},"end":{"line":72,"column":62}},"23":{"start":{"line":73,"column":27},"end":{"line":73,"column":61}},"24":{"start":{"line":74,"column":23},"end":{"line":74,"column":62}},"25":{"start":{"line":77,"column":4},"end":{"line":79,"column":5}},"26":{"start":{"line":78,"column":6},"end":{"line":78,"column":60}},"27":{"start":{"line":82,"column":23},"end":{"line":82,"column":39}},"28":{"start":{"line":85,"column":4},"end":{"line":92,"column":5}},"29":{"start":{"line":86,"column":6},"end":{"line":91,"column":9}},"30":{"start":{"line":95,"column":4},"end":{"line":97,"column":5}},"31":{"start":{"line":96,"column":6},"end":{"line":96,"column":85}},"32":{"start":{"line":100,"column":4},"end":{"line":100,"column":42}},"33":{"start":{"line":102,"column":4},"end":{"line":102,"column":63}},"34":{"start":{"line":103,"column":4},"end":{"line":103,"column":22}},"35":{"start":{"line":105,"column":4},"end":{"line":105,"column":52}},"36":{"start":{"line":106,"column":4},"end":{"line":106,"column":57}},"37":{"start":{"line":64,"column":13},"end":{"line":64,"column":28}},"38":{"start":{"line":116,"column":27},"end":{"line":124,"column":2}},"39":{"start":{"line":116,"column":72},"end":{"line":124,"column":2}},"40":{"start":{"line":117,"column":19},"end":{"line":117,"column":51}},"41":{"start":{"line":118,"column":2},"end":{"line":123,"column":3}},"42":{"start":{"line":119,"column":4},"end":{"line":119,"column":58}},"43":{"start":{"line":120,"column":4},"end":{"line":120,"column":16}},"44":{"start":{"line":122,"column":4},"end":{"line":122,"column":17}},"45":{"start":{"line":116,"column":13},"end":{"line":116,"column":27}},"46":{"start":{"line":126,"column":0},"end":{"line":131,"column":2}}},"fnMap":{"0":{"name":"(anonymous_8)","decl":{"start":{"line":23,"column":33},"end":{"line":23,"column":57}},"loc":{"start":{"line":23,"column":59},"end":{"line":35,"column":2}}},"1":{"name":"(anonymous_9)","decl":{"start":{"line":23,"column":59},"end":{"line":23,"column":null}},"loc":{"start":{"line":23,"column":59},"end":{"line":35,"column":1}}},"2":{"name":"(anonymous_10)","decl":{"start":{"line":43,"column":34},"end":{"line":43,"column":35}},"loc":{"start":{"line":43,"column":78},"end":{"line":56,"column":1}}},"3":{"name":"(anonymous_11)","decl":{"start":{"line":64,"column":28},"end":{"line":64,"column":null}},"loc":{"start":{"line":66,"column":21},"end":{"line":108,"column":2}}},"4":{"name":"(anonymous_12)","decl":{"start":{"line":66,"column":21},"end":{"line":66,"column":null}},"loc":{"start":{"line":66,"column":21},"end":{"line":108,"column":1}}},"5":{"name":"(anonymous_13)","decl":{"start":{"line":116,"column":27},"end":{"line":116,"column":34}},"loc":{"start":{"line":116,"column":72},"end":{"line":124,"column":2}}},"6":{"name":"(anonymous_14)","decl":{"start":{"line":116,"column":72},"end":{"line":116,"column":null}},"loc":{"start":{"line":116,"column":72},"end":{"line":124,"column":1}}}},"branchMap":{"0":{"loc":{"start":{"line":25,"column":2},"end":{"line":34,"column":3}},"type":"if","locations":[{"start":{"line":25,"column":2},"end":{"line":34,"column":3}}]},"1":{"loc":{"start":{"line":48,"column":20},"end":{"line":48,"column":96}},"type":"binary-expr","locations":[{"start":{"line":48,"column":20},"end":{"line":48,"column":34}},{"start":{"line":48,"column":38},"end":{"line":48,"column":87}},{"start":{"line":48,"column":91},"end":{"line":48,"column":96}}]},"2":{"loc":{"start":{"line":51,"column":21},"end":{"line":53,"column":8}},"type":"cond-expr","locations":[{"start":{"line":52,"column":6},"end":{"line":52,"column":63}},{"start":{"line":53,"column":6},"end":{"line":53,"column":8}}]},"3":{"loc":{"start":{"line":51,"column":21},"end":{"line":51,"column":52}},"type":"binary-expr","locations":[{"start":{"line":51,"column":21},"end":{"line":51,"column":34}},{"start":{"line":51,"column":38},"end":{"line":51,"column":52}}]},"4":{"loc":{"start":{"line":52,"column":10},"end":{"line":52,"column":33}},"type":"binary-expr","locations":[{"start":{"line":52,"column":10},"end":{"line":52,"column":23}},{"start":{"line":52,"column":27},"end":{"line":52,"column":33}}]},"5":{"loc":{"start":{"line":52,"column":37},"end":{"line":52,"column":61}},"type":"binary-expr","locations":[{"start":{"line":52,"column":37},"end":{"line":52,"column":51}},{"start":{"line":52,"column":55},"end":{"line":52,"column":61}}]},"6":{"loc":{"start":{"line":77,"column":4},"end":{"line":79,"column":5}},"type":"if","locations":[{"start":{"line":77,"column":4},"end":{"line":79,"column":5}}]},"7":{"loc":{"start":{"line":85,"column":4},"end":{"line":92,"column":5}},"type":"if","locations":[{"start":{"line":85,"column":4},"end":{"line":92,"column":5}}]},"8":{"loc":{"start":{"line":85,"column":8},"end":{"line":85,"column":39}},"type":"binary-expr","locations":[{"start":{"line":85,"column":8},"end":{"line":85,"column":21}},{"start":{"line":85,"column":25},"end":{"line":85,"column":39}}]},"9":{"loc":{"start":{"line":95,"column":4},"end":{"line":97,"column":5}},"type":"if","locations":[{"start":{"line":95,"column":4},"end":{"line":97,"column":5}}]}},"s":{"0":2,"1":2,"2":2,"3":2,"4":2,"5":2,"6":7,"7":7,"8":0,"9":0,"10":0,"11":0,"12":0,"13":2,"14":7,"15":7,"16":7,"17":7,"18":2,"19":7,"20":7,"21":7,"22":7,"23":7,"24":7,"25":7,"26":1,"27":6,"28":6,"29":4,"30":6,"31":2,"32":6,"33":6,"34":6,"35":1,"36":1,"37":2,"38":2,"39":7,"40":7,"41":7,"42":7,"43":5,"44":2,"45":2,"46":2},"f":{"0":7,"1":7,"2":7,"3":7,"4":7,"5":7,"6":7},"b":{"0":[0],"1":[7,5,0],"2":[5,2],"3":[7,2],"4":[5,0],"5":[5,2],"6":[1],"7":[4],"8":[6,2],"9":[2]}}
}
