TN:
SF:src/index.ts
FN:19,(anonymous_1)
FN:28,(anonymous_2)
FN:46,(anonymous_3)
FN:52,(anonymous_4)
FN:58,(anonymous_5)
FNF:5
FNH:0
FNDA:0,(anonymous_1)
FNDA:0,(anonymous_2)
FNDA:0,(anonymous_3)
FNDA:0,(anonymous_4)
FNDA:0,(anonymous_5)
DA:10,0
DA:11,0
DA:12,0
DA:15,0
DA:16,0
DA:19,0
DA:20,0
DA:21,0
DA:25,0
DA:28,0
DA:29,0
DA:43,0
DA:46,0
DA:47,0
DA:48,0
DA:52,0
DA:53,0
DA:57,0
DA:58,0
DA:59,0
DA:60,0
DA:65,0
LF:22
LH:0
BRDA:16,0,0,0
BRDA:16,0,1,0
BRDA:57,1,0,0
BRF:3
BRH:0
end_of_record
TN:
SF:src/middleware/cache.ts
FN:27,(anonymous_8)
FN:48,(anonymous_9)
FN:48,(anonymous_10)
FN:75,(anonymous_11)
FN:79,(anonymous_12)
FNF:5
FNH:5
FNDA:7,(anonymous_8)
FNDA:7,(anonymous_9)
FNDA:7,(anonymous_10)
FNDA:8,(anonymous_11)
FNDA:8,(anonymous_12)
DA:12,1
DA:13,1
DA:18,1
DA:27,1
DA:29,7
DA:32,7
DA:35,7
DA:39,7
DA:48,7
DA:49,7
DA:51,7
DA:52,7
DA:55,7
DA:56,2
DA:57,2
DA:60,5
DA:61,5
DA:63,0
DA:64,0
DA:75,1
DA:79,8
DA:80,8
DA:82,8
DA:90,8
DA:91,1
DA:92,1
DA:96,7
DA:98,7
DA:100,2
DA:104,5
DA:105,5
DA:108,0
DA:109,0
DA:113,1
LF:34
LH:30
BRDA:32,0,0,7
BRDA:32,0,1,6
BRDA:32,0,2,0
BRDA:35,1,0,4
BRDA:35,1,1,3
BRDA:35,2,0,7
BRDA:35,2,1,3
BRDA:36,3,0,4
BRDA:36,3,1,0
BRDA:36,4,0,4
BRDA:36,4,1,1
BRDA:55,5,0,2
BRDA:84,6,0,5
BRDA:84,6,1,3
BRDA:85,7,0,3
BRDA:85,7,1,5
BRDA:90,8,0,1
BRDA:98,9,0,2
BRDA:98,9,1,5
BRF:19
BRH:17
end_of_record
TN:
SF:src/routes/images/index.ts
FN:31,(anonymous_8)
FN:31,(anonymous_9)
FNF:2
FNH:2
FNDA:5,(anonymous_8)
FNDA:5,(anonymous_9)
DA:10,1
DA:12,1
DA:13,1
DA:17,1
DA:31,5
DA:32,5
DA:34,5
DA:42,5
DA:43,0
DA:44,0
DA:48,5
DA:49,5
DA:50,1
DA:51,1
DA:55,4
DA:59,1
DA:60,1
DA:64,3
DA:67,3
DA:69,0
DA:70,0
DA:74,1
LF:22
LH:18
BRDA:34,0,0,5
BRDA:34,0,1,0
BRDA:36,1,0,0
BRDA:36,1,1,0
BRDA:37,2,0,0
BRDA:37,2,1,0
BRDA:42,3,0,0
BRDA:49,4,0,1
BRDA:55,5,0,1
BRDA:56,6,0,4
BRDA:56,6,1,3
BRDA:56,6,2,2
BRDA:56,6,3,3
BRDA:56,6,4,1
BRDA:56,6,5,1
BRF:15
BRH:9
end_of_record
TN:
SF:src/utils/imageProcessor.ts
FN:23,(anonymous_8)
FN:23,(anonymous_9)
FN:43,(anonymous_10)
FN:64,(anonymous_11)
FN:66,(anonymous_12)
FN:116,(anonymous_13)
FN:116,(anonymous_14)
FNF:7
FNH:7
FNDA:7,(anonymous_8)
FNDA:7,(anonymous_9)
FNDA:7,(anonymous_10)
FNDA:7,(anonymous_11)
FNDA:7,(anonymous_12)
FNDA:7,(anonymous_13)
FNDA:7,(anonymous_14)
DA:10,2
DA:11,2
DA:12,2
DA:16,2
DA:17,2
DA:23,7
DA:25,7
DA:26,0
DA:28,0
DA:29,0
DA:31,0
DA:32,0
DA:43,2
DA:45,7
DA:48,7
DA:51,7
DA:55,7
DA:64,2
DA:66,7
DA:67,7
DA:69,7
DA:72,7
DA:73,7
DA:74,7
DA:77,7
DA:78,1
DA:82,6
DA:85,6
DA:86,4
DA:95,6
DA:96,2
DA:100,6
DA:102,6
DA:103,6
DA:105,1
DA:106,1
DA:116,7
DA:117,7
DA:118,7
DA:119,7
DA:120,5
DA:122,2
DA:126,2
LF:43
LH:38
BRDA:25,0,0,0
BRDA:48,1,0,7
BRDA:48,1,1,5
BRDA:48,1,2,0
BRDA:51,2,0,5
BRDA:51,2,1,2
BRDA:51,3,0,7
BRDA:51,3,1,2
BRDA:52,4,0,5
BRDA:52,4,1,0
BRDA:52,5,0,5
BRDA:52,5,1,2
BRDA:77,6,0,1
BRDA:85,7,0,4
BRDA:85,8,0,6
BRDA:85,8,1,2
BRDA:95,9,0,2
BRF:17
BRH:14
end_of_record
